<?xml version="1.0" encoding="UTF-8"?>
<!-- Generated by org.testng.reporters.JUnitReportReporter -->
<testsuite skipped="0" hostname="DESKTOP-8S26QA8" name="newtestng.TC_IntigrationG" tests="1" failures="0" timestamp="2021-12-18T11:31:08 IST" time="0.003" errors="0">
  <testcase name="create_AccountTextField" time="0.003" classname="newtestng.TC_IntigrationG"/>
  <system-out>
    <![CDATA[create account intigration]]>
  </system-out>
</testsuite> <!-- newtestng.TC_IntigrationG -->
