<?xml version="1.0" encoding="UTF-8"?>
<!-- Generated by org.testng.reporters.JUnitReportReporter -->
<testsuite skipped="0" hostname="DESKTOP-8S26QA8" name="BatchExecution.BrowserLaunch1" tests="1" failures="0" timestamp="2021-12-27T23:05:01 IST" time="128.745" errors="0">
  <testcase name="launch" time="128.745" classname="BatchExecution.BrowserLaunch1"/>
  <system-out>
    <![CDATA[1]]>
  </system-out>
</testsuite> <!-- BatchExecution.BrowserLaunch1 -->
