<?xml version="1.0" encoding="UTF-8"?>
<!-- Generated by org.testng.reporters.JUnitReportReporter -->
<testsuite skipped="0" hostname="DESKTOP-8S26QA8" name="BatchExecution.BrowserLaunch4" tests="1" failures="0" timestamp="2021-12-27T23:05:01 IST" time="116.488" errors="0">
  <testcase name="launch" time="116.488" classname="BatchExecution.BrowserLaunch4"/>
  <system-out>
    <![CDATA[4]]>
  </system-out>
</testsuite> <!-- BatchExecution.BrowserLaunch4 -->
