<?xml version="1.0" encoding="UTF-8"?>
<!-- Generated by org.testng.reporters.JUnitReportReporter -->
<testsuite skipped="0" hostname="DESKTOP-8S26QA8" name="BatchExecution.BrowserLaunch9" tests="1" failures="0" timestamp="2021-12-27T22:57:11 IST" time="81.552" errors="0">
  <testcase name="launch" time="81.552" classname="BatchExecution.BrowserLaunch9"/>
  <system-out>
    <![CDATA[9]]>
  </system-out>
</testsuite> <!-- BatchExecution.BrowserLaunch9 -->
