<?xml version="1.0" encoding="UTF-8"?>
<!-- Generated by org.testng.reporters.JUnitReportReporter -->
<testsuite skipped="0" hostname="DESKTOP-8S26QA8" name="GroupExecution.AmazonGroup" tests="1" failures="0" timestamp="2021-12-21T16:11:48 IST" time="90.740" errors="0">
  <testcase name="amazon" time="90.740" classname="GroupExecution.AmazonGroup"/>
  <system-out>
    <![CDATA[Browserlaunched successfully
amazon]]>
  </system-out>
</testsuite> <!-- GroupExecution.AmazonGroup -->
