<?xml version="1.0" encoding="UTF-8"?>
<!-- Generated by org.testng.reporters.JUnitReportReporter -->
<testsuite skipped="0" hostname="DESKTOP-8S26QA8" name="addtocartandremove.Goibibo" tests="1" failures="0" timestamp="2021-12-22T00:17:46 IST" time="17.700" errors="0">
  <testcase name="goibibo" time="17.700" classname="addtocartandremove.Goibibo"/>
  <system-out>
    <![CDATA[Browserlaunched successfully
WEDNESDAY
 Wed]]>
  </system-out>
</testsuite> <!-- addtocartandremove.Goibibo -->
