<?xml version="1.0" encoding="UTF-8"?>
<!-- Generated by org.testng.reporters.JUnitReportReporter -->
<testsuite skipped="0" hostname="DESKTOP-8S26QA8" name="newtestng.TC_loanSmokeG" tests="1" failures="0" timestamp="2021-12-18T11:31:08 IST" time="0.005" errors="0">
  <testcase name="loan_Account" time="0.005" classname="newtestng.TC_loanSmokeG"/>
  <system-out>
    <![CDATA[loan]]>
  </system-out>
</testsuite> <!-- newtestng.TC_loanSmokeG -->
