<?xml version="1.0" encoding="UTF-8"?>
<!-- Generated by org.testng.reporters.JUnitReportReporter -->
<testsuite skipped="0" hostname="DESKTOP-8S26QA8" name="newtestng.TC_accSmokeG" tests="1" failures="0" timestamp="2021-12-18T11:31:08 IST" time="0.016" errors="0">
  <testcase name="create_Account" time="0.016" classname="newtestng.TC_accSmokeG"/>
  <system-out>
    <![CDATA[account]]>
  </system-out>
</testsuite> <!-- newtestng.TC_accSmokeG -->
