<?xml version="1.0" encoding="UTF-8"?>
<!-- Generated by org.testng.reporters.JUnitReportReporter -->
<testsuite skipped="1" hostname="DESKTOP-8S26QA8" name="newtestng.TC_Account_001" tests="13" failures="0" timestamp="2021-12-17T22:34:04 IST" time="0.368" errors="0">
  <testcase name="update_Account" time="0.024" classname="newtestng.TC_Account_001"/>
  <system-out>
    <![CDATA[how r u ]]>
  </system-out>
  <testcase name="update_Account" time="0.043" classname="newtestng.TC_Account_001"/>
  <system-out>
    <![CDATA[how r u ]]>
  </system-out>
  <testcase name="update_Account" time="0.026" classname="newtestng.TC_Account_001"/>
  <system-out>
    <![CDATA[how r u ]]>
  </system-out>
  <testcase name="update_Account" time="0.020" classname="newtestng.TC_Account_001"/>
  <system-out>
    <![CDATA[how r u ]]>
  </system-out>
  <testcase name="update_Account" time="0.034" classname="newtestng.TC_Account_001"/>
  <system-out>
    <![CDATA[how r u ]]>
  </system-out>
  <testcase name="update_Account" time="0.034" classname="newtestng.TC_Account_001"/>
  <system-out>
    <![CDATA[how r u ]]>
  </system-out>
  <testcase name="update_Account" time="0.033" classname="newtestng.TC_Account_001"/>
  <system-out>
    <![CDATA[how r u ]]>
  </system-out>
  <testcase name="update_Account" time="0.082" classname="newtestng.TC_Account_001"/>
  <system-out>
    <![CDATA[how r u ]]>
  </system-out>
  <testcase name="update_Account" time="0.011" classname="newtestng.TC_Account_001"/>
  <system-out>
    <![CDATA[how r u ]]>
  </system-out>
  <testcase name="update_Account" time="0.054" classname="newtestng.TC_Account_001"/>
  <system-out>
    <![CDATA[how r u ]]>
  </system-out>
  <testcase name="read_Account" time="0.004" classname="newtestng.TC_Account_001"/>
  <system-out>
    <![CDATA[hi]]>
  </system-out>
  <testcase name="create_Account" time="0.003" classname="newtestng.TC_Account_001"/>
  <system-out>
    <![CDATA[hello]]>
  </system-out>
  <testcase name="delete_Account" classname="newtestng.TC_Account_001">
    <skipped/>
  </testcase> <!-- delete_Account -->
  <system-out/>
</testsuite> <!-- newtestng.TC_Account_001 -->
