<?xml version="1.0" encoding="UTF-8"?>
<!-- Generated by org.testng.reporters.JUnitReportReporter -->
<testsuite skipped="0" hostname="DESKTOP-8S26QA8" name="newtestng.TC_IntrestG" tests="1" failures="0" timestamp="2021-12-18T11:31:08 IST" time="0.010" errors="0">
  <testcase name="intrest_Account" time="0.010" classname="newtestng.TC_IntrestG"/>
  <system-out>
    <![CDATA[intrest]]>
  </system-out>
</testsuite> <!-- newtestng.TC_IntrestG -->
