<?xml version="1.0" encoding="UTF-8"?>
<!-- Generated by org.testng.reporters.JUnitReportReporter -->
<testsuite skipped="0" hostname="DESKTOP-8S26QA8" name="VtigerAssignment.TC_001" tests="1" failures="0" timestamp="2021-12-29T15:43:20 IST" time="69.609" errors="0">
  <testcase name="invoice" time="69.609" classname="VtigerAssignment.TC_001"/>
  <system-out>
    <![CDATA[Home Page is Displayed
Organisation Page is displayed
product Page is displayed
quantity (1) is entered successfully
click on save button is successful
Invoice info page is display
Subject(Motog Billing) is  display
Address(Hardespur pune) is display
Address(Hardespur pune) is display
Quantity(1.00) is display]]>
  </system-out>
</testsuite> <!-- VtigerAssignment.TC_001 -->
