<?xml version="1.0" encoding="UTF-8"?>
<!-- Generated by org.testng.reporters.JUnitReportReporter -->
<testsuite skipped="0" hostname="DESKTOP-8S26QA8" name="GroupExecution.Vtigergroup" tests="1" failures="0" timestamp="2021-12-21T16:11:48 IST" time="67.334" errors="0">
  <testcase name="vtigergroup" time="67.334" classname="GroupExecution.Vtigergroup"/>
  <system-out>
    <![CDATA[Browserlaunched successfully
vtiger]]>
  </system-out>
</testsuite> <!-- GroupExecution.Vtigergroup -->
