<?xml version="1.0" encoding="UTF-8"?>
<!-- Generated by org.testng.reporters.JUnitReportReporter -->
<testsuite skipped="0" hostname="DESKTOP-8S26QA8" name="VtigerAssignment.TC_005" tests="1" failures="0" timestamp="2021-12-29T15:53:38 IST" time="51.828" errors="0">
  <testcase name="invoice" time="51.828" classname="VtigerAssignment.TC_005"/>
  <system-out>
    <![CDATA[Home Page is Displayed
Invoice page is displayed
Organisation Page is displayed
product Page is displayed
Status Credit Invoice is selected successfully
quantity (1) is entered successfully
click on save button is successful
Invoice info page is display
Subject(Motog Billing) is  display
Address(Hardespur pune) is display
Address(Hardespur pune) is display
Quantity(1.00) is display
Status(Credit Invoice) is display]]>
  </system-out>
</testsuite> <!-- VtigerAssignment.TC_005 -->
