<?xml version="1.0" encoding="UTF-8"?>
<!-- Generated by org.testng.reporters.JUnitReportReporter -->
<testsuite skipped="0" hostname="DESKTOP-8S26QA8" name="newtestng.DemoDataDrivven" tests="2" failures="0" timestamp="2021-12-17T23:34:00 IST" time="78.030" errors="0">
  <testcase name="create_loan" time="46.222" classname="newtestng.DemoDataDrivven"/>
  <system-out/>
  <testcase name="create_loan" time="31.808" classname="newtestng.DemoDataDrivven"/>
  <system-out/>
</testsuite> <!-- newtestng.DemoDataDrivven -->
